0000-01-01 06:00 [ERROR] Error starting daemon 'redserver': daemons/redserver:61: attempt to call field 'register' (a nil value)
0000-01-01 06:00 [ERROR] Error starting daemon 'redserver': daemons/redserver:61: attempt to call field 'register' (a nil value)
0000-01-01 06:00 [ERROR] Error starting daemon 'redserver': daemons/redserver:61: attempt to call field 'register' (a nil value)
0000-01-01 06:00 [ERROR] Error starting daemon 'redserver': apis/logger:97: invalid value (table) at index 2 in table for 'concat'
0000-01-01 06:00 [ERROR] Error starting daemon 'redserver': daemons/redserver:7: attempt to call global 'rsw' (a table value)
0000-01-01 06:00 [ERROR] Error starting daemon 'redserver': daemons/redserver:7: attempt to call global 'rsw' (a table value)
0000-01-01 06:00 [ERROR] Error starting daemon 'redserver': daemons/redserver:13: rsserver error: no modem found!
0000-01-01 06:00 [INFO] ===== INPUTS ======
0000-01-01 06:00 [INFO] 
0000-01-01 06:00 [INFO] ===== OUTPUTS ======
0000-01-01 06:00 [INFO] 
0000-01-01 06:00 [INFO] ======> Redstone server enabled!
0000-01-01 06:00 [INFO] (press 'q' to quit)
0000-01-01 06:00 [INFO] 
0000-01-01 06:00 [ERROR] Error starting daemon 'redserver': daemons/redserver:13: rsserver error: no modem found!
0000-01-01 06:00 [INFO] ===== INPUTS ======
0000-01-01 06:00 [INFO] 
0000-01-01 06:00 [INFO] ===== OUTPUTS ======
0000-01-01 06:00 [INFO] 
0000-01-01 06:00 [INFO] ======> Redstone server enabled!
0000-01-01 06:00 [INFO] (press 'q' to quit)
0000-01-01 06:00 [INFO] 
0000-01-01 06:00 [INFO] ===== INPUTS ======
0000-01-01 06:00 [INFO] 
0000-01-01 06:00 [INFO] ===== OUTPUTS ======
0000-01-01 06:00 [INFO] 
0000-01-01 06:00 [INFO] ======> Redstone server enabled!
0000-01-01 06:00 [INFO] (press 'q' to quit)
0000-01-01 06:00 [INFO] 
0000-01-01 06:00 [ERROR] Error starting daemon 'redserver': daemons/redserver:13: rsserver error: no modem found!
0000-01-01 06:00 [INFO] ===== INPUTS ======
0000-01-01 06:00 [INFO] 
0000-01-01 06:00 [INFO] ===== OUTPUTS ======
0000-01-01 06:00 [INFO] 
0000-01-01 06:00 [INFO] ======> Redstone server enabled!
0000-01-01 06:00 [INFO] (press 'q' to quit)
0000-01-01 06:00 [INFO] 
0000-01-01 06:00 [ERROR] Error starting daemon 'redserver': daemons/redserver:13: rsserver error: no modem found!
0000-01-01 06:00 [ERROR] Error starting daemon 'redserver': daemons/redserver:13: rsserver error: no modem found!
0000-01-01 06:00 [INFO] ===== INPUTS ======
0000-01-01 06:00 [INFO] 
0000-01-01 06:00 [INFO] ===== OUTPUTS ======
0000-01-01 06:00 [INFO] 
0000-01-01 06:00 [INFO] ======> Redstone server enabled!
0000-01-01 06:00 [INFO] 
0000-01-01 06:02 [INFO] ======> Redstone server disabled!
0000-01-01 06:00 [ERROR] Error starting daemon 'redserver': daemons/redserver:13: rsserver error: no modem found!
0000-01-01 06:32 [INFO] ===== INPUTS ======
0000-01-01 06:32 [INFO] 
0000-01-01 06:32 [INFO] ===== OUTPUTS ======
0000-01-01 06:32 [INFO] 
0000-01-01 06:32 [INFO] ======> Redstone server enabled!
0000-01-01 06:32 [INFO] 
0000-01-01 06:00 [ERROR] Error starting daemon 'redserver': daemons/redserver:13: rsserver error: no modem found!
0000-01-01 06:15 [INFO] ===== INPUTS ======
0000-01-01 06:15 [INFO] 
0000-01-01 06:15 [INFO] ===== OUTPUTS ======
0000-01-01 06:15 [INFO] 
0000-01-01 06:15 [INFO] ======> Redstone server enabled!
0000-01-01 06:15 [INFO] 
0000-01-01 06:40 [INFO] ======> Redstone server disabled!
0000-01-01 06:00 [INFO] ===== INPUTS ======
0000-01-01 06:00 [INFO] 
0000-01-01 06:00 [INFO] ===== OUTPUTS ======
0000-01-01 06:00 [INFO] 
0000-01-01 06:00 [INFO] ======> Redstone server enabled!
0000-01-01 06:00 [INFO] 
0000-01-01 06:00 [INFO] ===== INPUTS ======
0000-01-01 06:00 [INFO] 
0000-01-01 06:00 [INFO] ===== OUTPUTS ======
0000-01-01 06:00 [INFO] 
0000-01-01 06:00 [INFO] ======> Redstone server enabled!
0000-01-01 06:00 [INFO] 
